<?xml version="1.0" encoding="UTF-8"?>
<robot generator="Robot 5.0 (Python 3.10.4 on darwin)" generated="20220419 23:32:54.645" rpa="false" schemaversion="3">
<suite id="s1" name="A11-pageObjectModel-11.robot" source="/Users/sharath.bc/PycharmProjects/PythonPractice1/RobotFramework/Selenium-RFW/A11-pageObjectModel-11.robot.robot">
<test id="s1-t1" name="Validate the user unsuccessful login" line="14">
<kw name="open the web page for the validation" library="LoginPage" type="SETUP">
<kw name="Create Webdriver" library="SeleniumLibrary">
<arg>Chrome</arg>
<doc>Creates an instance of Selenium WebDriver.</doc>
<msg timestamp="20220419 23:32:54.727" level="INFO">Creating an instance of the Chrome WebDriver.</msg>
<status status="PASS" starttime="20220419 23:32:54.727" endtime="20220419 23:32:57.422"/>
</kw>
<kw name="Go To" library="SeleniumLibrary">
<arg>${url}</arg>
<doc>Navigates the current browser window to the provided ``url``.</doc>
<msg timestamp="20220419 23:32:57.423" level="INFO">Opening url 'https://www.rahulshettyacademy.com/loginpagePractise/'</msg>
<status status="PASS" starttime="20220419 23:32:57.422" endtime="20220419 23:32:57.771"/>
</kw>
<status status="PASS" starttime="20220419 23:32:54.727" endtime="20220419 23:32:57.771"/>
</kw>
<kw name="fill the login form" library="LoginPage">
<arg>${user_name}</arg>
<arg>${invalid_password}</arg>
<kw name="Input Text" library="SeleniumLibrary">
<arg>id:username</arg>
<arg>${userName}</arg>
<doc>Types the given ``text`` into the text field identified by ``locator``.</doc>
<msg timestamp="20220419 23:32:57.772" level="INFO">Typing text 'rahulshettyacademy' into text field 'id:username'.</msg>
<status status="PASS" starttime="20220419 23:32:57.772" endtime="20220419 23:32:57.846"/>
</kw>
<kw name="Input Password" library="SeleniumLibrary">
<arg>id:password</arg>
<arg>${pwd}</arg>
<doc>Types the given password into the text field identified by ``locator``.</doc>
<msg timestamp="20220419 23:32:57.846" level="INFO">Typing password into text field 'id:password'.</msg>
<msg timestamp="20220419 23:32:57.864" level="INFO">Temporally setting log level to: NONE</msg>
<msg timestamp="20220419 23:32:57.881" level="INFO">Log level changed from NONE to INFO.</msg>
<status status="PASS" starttime="20220419 23:32:57.846" endtime="20220419 23:32:57.881"/>
</kw>
<kw name="Click Button" library="SeleniumLibrary">
<arg>signInBtn</arg>
<doc>Clicks the button identified by ``locator``.</doc>
<msg timestamp="20220419 23:32:57.882" level="INFO">Clicking button 'signInBtn'.</msg>
<status status="PASS" starttime="20220419 23:32:57.881" endtime="20220419 23:32:57.908"/>
</kw>
<status status="PASS" starttime="20220419 23:32:57.771" endtime="20220419 23:32:57.908"/>
</kw>
<kw name="wait until it finds" library="HomePage">
<arg>${errorMsgLocator}</arg>
<kw name="Wait Until Element Is Visible" library="SeleniumLibrary">
<arg>${locator}</arg>
<doc>Waits until the element ``locator`` is visible.</doc>
<status status="PASS" starttime="20220419 23:32:57.908" endtime="20220419 23:32:59.933"/>
</kw>
<status status="PASS" starttime="20220419 23:32:57.908" endtime="20220419 23:32:59.934"/>
</kw>
<kw name="verify the error message is correct" library="LoginPage">
<kw name="Element Text Should Be" library="SeleniumLibrary">
<arg>${errorMsgLocator}</arg>
<arg>Incorrect username/password.</arg>
<doc>Verifies that element ``locator`` contains exact the text ``expected``.</doc>
<msg timestamp="20220419 23:32:59.934" level="INFO">Verifying element 'css:.alert-danger' contains exact text 'Incorrect username/password.'.</msg>
<status status="PASS" starttime="20220419 23:32:59.934" endtime="20220419 23:32:59.951"/>
</kw>
<status status="PASS" starttime="20220419 23:32:59.934" endtime="20220419 23:32:59.952"/>
</kw>
<kw name="Close the current browser" library="LoginPage" type="TEARDOWN">
<kw name="Close Browser" library="SeleniumLibrary">
<doc>Closes the current browser.</doc>
<status status="PASS" starttime="20220419 23:32:59.952" endtime="20220419 23:33:00.042"/>
</kw>
<status status="PASS" starttime="20220419 23:32:59.952" endtime="20220419 23:33:00.043"/>
</kw>
<status status="PASS" starttime="20220419 23:32:54.727" endtime="20220419 23:33:00.043"/>
</test>
<test id="s1-t2" name="Validate the user successful login" line="19">
<kw name="open the web page for the validation" library="LoginPage" type="SETUP">
<kw name="Create Webdriver" library="SeleniumLibrary">
<arg>Chrome</arg>
<doc>Creates an instance of Selenium WebDriver.</doc>
<msg timestamp="20220419 23:33:00.044" level="INFO">Creating an instance of the Chrome WebDriver.</msg>
<status status="PASS" starttime="20220419 23:33:00.043" endtime="20220419 23:33:02.640"/>
</kw>
<kw name="Go To" library="SeleniumLibrary">
<arg>${url}</arg>
<doc>Navigates the current browser window to the provided ``url``.</doc>
<msg timestamp="20220419 23:33:02.641" level="INFO">Opening url 'https://www.rahulshettyacademy.com/loginpagePractise/'</msg>
<status status="PASS" starttime="20220419 23:33:02.641" endtime="20220419 23:33:02.940"/>
</kw>
<status status="PASS" starttime="20220419 23:33:00.043" endtime="20220419 23:33:02.940"/>
</kw>
<kw name="fill the login form" library="LoginPage">
<arg>${user_name}</arg>
<arg>${valid_password}</arg>
<kw name="Input Text" library="SeleniumLibrary">
<arg>id:username</arg>
<arg>${userName}</arg>
<doc>Types the given ``text`` into the text field identified by ``locator``.</doc>
<msg timestamp="20220419 23:33:02.941" level="INFO">Typing text 'rahulshettyacademy' into text field 'id:username'.</msg>
<status status="PASS" starttime="20220419 23:33:02.941" endtime="20220419 23:33:03.015"/>
</kw>
<kw name="Input Password" library="SeleniumLibrary">
<arg>id:password</arg>
<arg>${pwd}</arg>
<doc>Types the given password into the text field identified by ``locator``.</doc>
<msg timestamp="20220419 23:33:03.015" level="INFO">Typing password into text field 'id:password'.</msg>
<msg timestamp="20220419 23:33:03.033" level="INFO">Temporally setting log level to: NONE</msg>
<msg timestamp="20220419 23:33:03.052" level="INFO">Log level changed from NONE to INFO.</msg>
<status status="PASS" starttime="20220419 23:33:03.015" endtime="20220419 23:33:03.052"/>
</kw>
<kw name="Click Button" library="SeleniumLibrary">
<arg>signInBtn</arg>
<doc>Clicks the button identified by ``locator``.</doc>
<msg timestamp="20220419 23:33:03.052" level="INFO">Clicking button 'signInBtn'.</msg>
<status status="PASS" starttime="20220419 23:33:03.052" endtime="20220419 23:33:03.080"/>
</kw>
<status status="PASS" starttime="20220419 23:33:02.940" endtime="20220419 23:33:03.080"/>
</kw>
<kw name="wait until it finds" library="HomePage">
<arg>${successfullLogin}</arg>
<kw name="Wait Until Element Is Visible" library="SeleniumLibrary">
<arg>${locator}</arg>
<doc>Waits until the element ``locator`` is visible.</doc>
<status status="PASS" starttime="20220419 23:33:03.080" endtime="20220419 23:33:51.212"/>
</kw>
<status status="PASS" starttime="20220419 23:33:03.080" endtime="20220419 23:33:51.212"/>
</kw>
<kw name="Close the current browser" library="LoginPage" type="TEARDOWN">
<kw name="Close Browser" library="SeleniumLibrary">
<doc>Closes the current browser.</doc>
<status status="PASS" starttime="20220419 23:33:51.212" endtime="20220419 23:33:51.315"/>
</kw>
<status status="PASS" starttime="20220419 23:33:51.212" endtime="20220419 23:33:51.315"/>
</kw>
<status status="PASS" starttime="20220419 23:33:00.043" endtime="20220419 23:33:51.315"/>
</test>
<doc>Validate the login form</doc>
<status status="PASS" starttime="20220419 23:32:54.646" endtime="20220419 23:33:51.316"/>
</suite>
<statistics>
<total>
<stat pass="2" fail="0" skip="0">All Tests</stat>
</total>
<tag>
</tag>
<suite>
<stat pass="2" fail="0" skip="0" id="s1" name="A11-pageObjectModel-11.robot">A11-pageObjectModel-11.robot</stat>
</suite>
</statistics>
<errors>
</errors>
</robot>
