<?xml version="1.0" encoding="UTF-8"?>
<robot generator="Robot 5.0 (Python 3.10.4 on darwin)" generated="20220419 01:57:08.530" rpa="false" schemaversion="3">
<suite id="s1" name="A6-RadioButtons Dropdowns Checkbox-6" source="/Users/sharath.bc/PycharmProjects/PythonPractice1/A6-RadioButtons_Dropdowns_Checkbox-6.robot">
<test id="s1-t1" name="Validate the user has handled the radio buttons and dropdowns" line="13">
<kw name="open the web page for the validation" library="A-resource" type="SETUP">
<kw name="Create Webdriver" library="SeleniumLibrary">
<arg>Chrome</arg>
<doc>Creates an instance of Selenium WebDriver.</doc>
<msg timestamp="20220419 01:57:08.613" level="INFO">Creating an instance of the Chrome WebDriver.</msg>
<status status="PASS" starttime="20220419 01:57:08.613" endtime="20220419 01:57:11.244"/>
</kw>
<kw name="Go To" library="SeleniumLibrary">
<arg>${url}</arg>
<doc>Navigates the current browser window to the provided ``url``.</doc>
<msg timestamp="20220419 01:57:11.245" level="INFO">Opening url 'https://www.rahulshettyacademy.com/loginpagePractise/'</msg>
<status status="PASS" starttime="20220419 01:57:11.245" endtime="20220419 01:57:13.865"/>
</kw>
<status status="PASS" starttime="20220419 01:57:08.613" endtime="20220419 01:57:13.865"/>
</kw>
<kw name="fill the login form">
<arg>${user_name}</arg>
<arg>${valid_password}</arg>
<kw name="Input Text" library="SeleniumLibrary">
<arg>id:username</arg>
<arg>${userName}</arg>
<doc>Types the given ``text`` into the text field identified by ``locator``.</doc>
<msg timestamp="20220419 01:57:13.866" level="INFO">Typing text 'rahulshettyacademy' into text field 'id:username'.</msg>
<status status="PASS" starttime="20220419 01:57:13.866" endtime="20220419 01:57:13.934"/>
</kw>
<kw name="Input Password" library="SeleniumLibrary">
<arg>id:password</arg>
<arg>${pwd}</arg>
<doc>Types the given password into the text field identified by ``locator``.</doc>
<msg timestamp="20220419 01:57:13.935" level="INFO">Typing password into text field 'id:password'.</msg>
<msg timestamp="20220419 01:57:13.952" level="INFO">Temporally setting log level to: NONE</msg>
<msg timestamp="20220419 01:57:13.970" level="INFO">Log level changed from NONE to INFO.</msg>
<status status="PASS" starttime="20220419 01:57:13.934" endtime="20220419 01:57:13.970"/>
</kw>
<status status="PASS" starttime="20220419 01:57:13.865" endtime="20220419 01:57:13.970"/>
</kw>
<kw name="select the dropdown_checkbox and handle the dropdown">
<kw name="Click Element" library="SeleniumLibrary">
<arg>xpath:(//span[@class='checkmark'])[2]</arg>
<doc>Click the element identified by ``locator``.</doc>
<msg timestamp="20220419 01:57:13.971" level="INFO">Clicking element 'xpath:(//span[@class='checkmark'])[2]'.</msg>
<status status="PASS" starttime="20220419 01:57:13.971" endtime="20220419 01:57:13.992"/>
</kw>
<kw name="Wait Until Element Is Visible" library="SeleniumLibrary">
<arg>css:.modal-body</arg>
<doc>Waits until the element ``locator`` is visible.</doc>
<status status="PASS" starttime="20220419 01:57:13.992" endtime="20220419 01:57:14.230"/>
</kw>
<kw name="Click Button" library="SeleniumLibrary">
<arg>xpath://button[@id='okayBtn']</arg>
<doc>Clicks the button identified by ``locator``.</doc>
<msg timestamp="20220419 01:57:14.230" level="INFO">Clicking button 'xpath://button[@id='okayBtn']'.</msg>
<status status="PASS" starttime="20220419 01:57:14.230" endtime="20220419 01:57:14.271"/>
</kw>
<kw name="Click Button" library="SeleniumLibrary">
<arg>xpath://button[@id='okayBtn']</arg>
<doc>Clicks the button identified by ``locator``.</doc>
<msg timestamp="20220419 01:57:14.272" level="INFO">Clicking button 'xpath://button[@id='okayBtn']'.</msg>
<status status="PASS" starttime="20220419 01:57:14.272" endtime="20220419 01:57:14.296"/>
</kw>
<kw name="Click Button" library="SeleniumLibrary">
<arg>xpath://button[@id='okayBtn']</arg>
<doc>Clicks the button identified by ``locator``.</doc>
<msg timestamp="20220419 01:57:14.296" level="INFO">Clicking button 'xpath://button[@id='okayBtn']'.</msg>
<status status="PASS" starttime="20220419 01:57:14.296" endtime="20220419 01:57:14.317"/>
</kw>
<kw name="Click Button" library="SeleniumLibrary">
<arg>xpath://button[@id='okayBtn']</arg>
<doc>Clicks the button identified by ``locator``.</doc>
<msg timestamp="20220419 01:57:14.317" level="INFO">Clicking button 'xpath://button[@id='okayBtn']'.</msg>
<status status="PASS" starttime="20220419 01:57:14.317" endtime="20220419 01:57:14.336"/>
</kw>
<kw name="Click Button" library="SeleniumLibrary">
<arg>xpath://button[@id='okayBtn']</arg>
<doc>Clicks the button identified by ``locator``.</doc>
<msg timestamp="20220419 01:57:14.336" level="INFO">Clicking button 'xpath://button[@id='okayBtn']'.</msg>
<status status="PASS" starttime="20220419 01:57:14.336" endtime="20220419 01:57:14.354"/>
</kw>
<kw name="Click Button" library="SeleniumLibrary">
<arg>xpath://button[@id='okayBtn']</arg>
<doc>Clicks the button identified by ``locator``.</doc>
<msg timestamp="20220419 01:57:14.354" level="INFO">Clicking button 'xpath://button[@id='okayBtn']'.</msg>
<status status="PASS" starttime="20220419 01:57:14.354" endtime="20220419 01:57:14.372"/>
</kw>
<kw name="Wait Until Element Is Not Visible" library="SeleniumLibrary">
<arg>css:.modal-body</arg>
<doc>Waits until the element ``locator`` is not visible.</doc>
<status status="PASS" starttime="20220419 01:57:14.372" endtime="20220419 01:57:14.601"/>
</kw>
<kw name="Select From List By Value" library="SeleniumLibrary">
<arg>css:select.form-control</arg>
<arg>teach</arg>
<doc>Selects options from selection list ``locator`` by ``values``.</doc>
<msg timestamp="20220419 01:57:14.602" level="INFO">Selecting options from selection list 'css:select.form-control' by value teach.</msg>
<status status="PASS" starttime="20220419 01:57:14.602" endtime="20220419 01:57:14.649"/>
</kw>
<kw name="Select Checkbox" library="SeleniumLibrary">
<arg>terms</arg>
<doc>Selects the checkbox identified by ``locator``.</doc>
<msg timestamp="20220419 01:57:14.649" level="INFO">Selecting checkbox 'terms'.</msg>
<status status="PASS" starttime="20220419 01:57:14.649" endtime="20220419 01:57:14.681"/>
</kw>
<kw name="Checkbox Should Be Selected" library="SeleniumLibrary">
<arg>terms</arg>
<doc>Verifies checkbox ``locator`` is selected/checked.</doc>
<msg timestamp="20220419 01:57:14.681" level="INFO">Verifying checkbox 'terms' is selected.</msg>
<status status="PASS" starttime="20220419 01:57:14.681" endtime="20220419 01:57:14.688"/>
</kw>
<kw name="Click Button" library="SeleniumLibrary">
<arg>signInBtn</arg>
<doc>Clicks the button identified by ``locator``.</doc>
<msg timestamp="20220419 01:57:14.689" level="INFO">Clicking button 'signInBtn'.</msg>
<status status="PASS" starttime="20220419 01:57:14.689" endtime="20220419 01:57:14.712"/>
</kw>
<status status="PASS" starttime="20220419 01:57:13.970" endtime="20220419 01:57:14.712"/>
</kw>
<status status="PASS" starttime="20220419 01:57:08.612" endtime="20220419 01:57:14.712"/>
</test>
<doc>Validate the login form</doc>
<status status="PASS" starttime="20220419 01:57:08.531" endtime="20220419 01:57:14.712"/>
</suite>
<statistics>
<total>
<stat pass="1" fail="0" skip="0">All Tests</stat>
</total>
<tag>
</tag>
<suite>
<stat pass="1" fail="0" skip="0" id="s1" name="A6-RadioButtons Dropdowns Checkbox-6">A6-RadioButtons Dropdowns Checkbox-6</stat>
</suite>
</statistics>
<errors>
</errors>
</robot>
