<?xml version="1.0" encoding="UTF-8"?>
<robot generator="Robot 5.0 (Python 3.10.4 on darwin)" generated="20220427 23:42:03.083" rpa="false" schemaversion="3">
<suite id="s1" name="First Rfw Api Automation" source="/Users/sharath.bc/PycharmProjects/PythonPractice1/RobotFramework/Requests-RFW/first_rfw_api_automation.robot">
<test id="s1-t1" name="Retrieving all the user rented numbers." line="13">
<kw name="Create List" library="BuiltIn">
<var>${auth}</var>
<arg>${user_name}</arg>
<arg>${password}</arg>
<doc>Returns a list containing given items.</doc>
<msg timestamp="20220427 23:42:03.120" level="INFO">${auth} = ['MAYJLIZGQ5MWVKZWM4NZ', '= MjFkZjQ3MzhiODFlZmY4MjIyODk2NTgxOGVmMDdm']</msg>
<status status="PASS" starttime="20220427 23:42:03.120" endtime="20220427 23:42:03.120"/>
</kw>
<kw name="Create Session" library="RequestsLibrary">
<arg>mysession</arg>
<arg>${base_url}</arg>
<arg>auth=${auth}</arg>
<doc>Create Session: create a HTTP session to a server</doc>
<msg timestamp="20220427 23:42:03.120" level="INFO">Creating Session using : alias=mysession, url=https://api.numbers.plivodev.com/v1/Account/MAYJLIZGQ5MWVKZWM4NZ, headers={},                     cookies={}, auth=&lt;requests.auth.HTTPBasicAuth object at 0x1029d9c60&gt;, timeout=None, proxies=None, verify=False,                     debug=0 </msg>
<status status="PASS" starttime="20220427 23:42:03.120" endtime="20220427 23:42:03.120"/>
</kw>
<kw name="Get Request" library="RequestsLibrary">
<var>${response}</var>
<arg>mysession</arg>
<arg>${endpoint}</arg>
<doc>*DEPRECATED* Please use `GET On Session` instead.</doc>
<msg timestamp="20220427 23:42:03.120" level="WARN">Keyword 'RequestsLibrary.Get Request' is deprecated. Please use `GET On Session` instead.</msg>
<msg timestamp="20220427 23:42:04.267" level="INFO">GET Request : url=https://api.numbers.plivodev.com/v1/Account/MAYJLIZGQ5MWVKZWM4NZ/Number/ 
 path_url=/v1/Account/MAYJLIZGQ5MWVKZWM4NZ/Number/ 
 headers={'User-Agent': 'python-requests/2.27.1', 'Accept-Encoding': 'gzip, deflate', 'Accept': '*/*', 'Connection': 'keep-alive', 'Authorization': 'Basic TUFZSkxJWkdRNU1XVktaV000Tlo6PSBNakZrWmpRM016aGlPREZsWm1ZNE1qSXlPRGsyTlRneE9HVm1NRGRt'} 
 body=None 
 </msg>
<msg timestamp="20220427 23:42:04.268" level="INFO">GET Response : url=https://api.numbers.plivodev.com/v1/Account/MAYJLIZGQ5MWVKZWM4NZ/Number/ 
 status=503, reason=Service Temporarily Unavailable 
 headers={'Server': 'awselb/2.0', 'Date': 'Wed, 27 Apr 2022 18:12:04 GMT', 'Content-Type': 'text/html', 'Content-Length': '162', 'Connection': 'keep-alive'} 
 body=&lt;html&gt;
&lt;head&gt;&lt;title&gt;503 Service Temporarily Unavailable&lt;/title&gt;&lt;/head&gt;
&lt;body&gt;
&lt;center&gt;&lt;h1&gt;503 Service Temporarily Unavailable&lt;/h1&gt;&lt;/center&gt;
&lt;/body&gt;
&lt;/html&gt;
 
 </msg>
<msg timestamp="20220427 23:42:04.268" level="INFO">/Library/Frameworks/Python.framework/Versions/3.10/lib/python3.10/site-packages/urllib3/connectionpool.py:1043: InsecureRequestWarning: Unverified HTTPS request is being made to host 'api.numbers.plivodev.com'. Adding certificate verification is strongly advised. See: https://urllib3.readthedocs.io/en/1.26.x/advanced-usage.html#ssl-warnings
  warnings.warn(</msg>
<msg timestamp="20220427 23:42:04.268" level="INFO">${response} = &lt;Response [503]&gt;</msg>
<status status="PASS" starttime="20220427 23:42:03.120" endtime="20220427 23:42:04.268"/>
</kw>
<kw name="Log To Console" library="BuiltIn">
<arg>${response.status_code}</arg>
<doc>Logs the given message to the console.</doc>
<status status="PASS" starttime="20220427 23:42:04.269" endtime="20220427 23:42:04.270"/>
</kw>
<kw name="Log To Console" library="BuiltIn">
<arg>${response.content}</arg>
<doc>Logs the given message to the console.</doc>
<status status="PASS" starttime="20220427 23:42:04.270" endtime="20220427 23:42:04.271"/>
</kw>
<status status="PASS" starttime="20220427 23:42:03.120" endtime="20220427 23:42:04.271"/>
</test>
<status status="PASS" starttime="20220427 23:42:03.085" endtime="20220427 23:42:04.272"/>
</suite>
<statistics>
<total>
<stat pass="1" fail="0" skip="0">All Tests</stat>
</total>
<tag>
</tag>
<suite>
<stat pass="1" fail="0" skip="0" id="s1" name="First Rfw Api Automation">First Rfw Api Automation</stat>
</suite>
</statistics>
<errors>
<msg timestamp="20220427 23:42:03.120" level="WARN">Keyword 'RequestsLibrary.Get Request' is deprecated. Please use `GET On Session` instead.</msg>
</errors>
</robot>
