<?xml version="1.0" encoding="UTF-8"?>
<robot generator="Robot 5.0 (Python 3.10.4 on darwin)" generated="20220428 12:56:05.140" rpa="false" schemaversion="3">
<suite id="s1" name="Custom Keyword" source="/Users/sharath.bc/PycharmProjects/PythonPractice1/RobotFramework/Requests-RFW/custom_keyword.robot">
<test id="s1-t1" name="Retrieving all the user rented numbers." line="15">
<kw name="Create Session With The Basic Authentication" library="customKeywords">
<var>${response}</var>
<arg>${base_url}</arg>
<arg>${username}</arg>
<arg>${password}</arg>
<msg timestamp="20220428 12:56:08.308" level="INFO">${response} = &lt;Response [200]&gt;</msg>
<status status="PASS" starttime="20220428 12:56:05.177" endtime="20220428 12:56:08.308"/>
</kw>
<kw name="Set Global Variable" library="BuiltIn">
<arg>${response}</arg>
<doc>Makes a variable available globally in all tests and suites.</doc>
<msg timestamp="20220428 12:56:08.309" level="INFO">${response} = &lt;Response [200]&gt;</msg>
<status status="PASS" starttime="20220428 12:56:08.308" endtime="20220428 12:56:08.309"/>
</kw>
<kw name="Log the status code of the GET api">
<arg>${response}</arg>
<kw name="Log To Console" library="BuiltIn">
<arg>${response.status_code}</arg>
<doc>Logs the given message to the console.</doc>
<status status="PASS" starttime="20220428 12:56:08.309" endtime="20220428 12:56:08.310"/>
</kw>
<status status="PASS" starttime="20220428 12:56:08.309" endtime="20220428 12:56:08.310"/>
</kw>
<kw name="Call The Get API To Fetch All The Rented Numbers" library="customKeywords">
<msg timestamp="20220428 12:56:08.311" level="INFO">Response can be printed using JSON :  {'api_id': '7833f38c-c6c4-11ec-8d18-0242ac110002', 'meta': {'limit': 20, 'next': '/v1/Account/MAYJLIZGQ5MWVKZWM4NZ/Number/?limit=20&amp;offset=20', 'offset': 0, 'previous': None, 'total_count': 27}, 'objects': [{'active': False, 'added_on': '2020-04-15', 'alias': None, 'application': '/v1/Account/MAYJLIZGQ5MWVKZWM4NZ/Application/12696161482293516/', 'carrier': 'Plivo', 'city': 'Streetsville', 'compliance_application_id': None, 'compliance_status': 'pending', 'country': 'United States', 'mms_enabled': False, 'mms_rate': '0.00000', 'monthly_rental_rate': '0.00100', 'number': '19055939591', 'number_type': 'local', 'region': 'NR, UNITED STATES', 'resource_uri': '/v1/Account/MAYJLIZGQ5MWVKZWM4NZ/Number/19055939591/', 'sms_enabled': True, 'sms_rate': '0.00250', 'sub_account': None, 'type': 'local', 'verification_info': [], 'voice_enabled': False, 'voice_rate': '0.00338'}, {'active': False, 'added_on': '2020-04-15', 'alias': '', 'application': '/v1/Account/MAYJLIZGQ5MWVKZWM4NZ/Application/12696538592501452/', 'carrier': 'Plivo', 'city': 'San Francisco', 'compliance_application_id': None, 'compliance_status': 'pending', 'country': 'United States', 'mms_enabled': True, 'mms_rate': '0.00000', 'monthly_rental_rate': '1500.00000', 'number': '12136406510', 'number_type': 'local', 'region': 'California, UNITED STATES', 'resource_uri': '/v1/Account/MAYJLIZGQ5MWVKZWM4NZ/Number/12136406510/', 'sms_enabled': True, 'sms_rate': '0.00000', 'sub_account': '/v1/Account/SAZJVJNMJMMZUTNDDKNS/', 'type': 'local', 'verification_info': [], 'voice_enabled': True, 'voice_rate': '0.00000'}, {'active': False, 'added_on': '2020-04-15', 'alias': '', 'application': '/v1/Account/MAYJLIZGQ5MWVKZWM4NZ/Application/12696538592501452/', 'carrier': 'Plivo', 'city': 'San Francisco', 'compliance_application_id': None, 'compliance_status': 'pending', 'country': 'United States', 'mms_enabled': True, 'mms_rate': '0.02000', 'monthly_rental_rate': '0.80000', 'number': '12136749432', 'number_type': 'local', 'region': 'California, UNITED STATES', 'resource_uri': '/v1/Account/MAYJLIZGQ5MWVKZWM4NZ/Number/12136749432/', 'sms_enabled': True, 'sms_rate': '0.00000', 'sub_account': '/v1/Account/SAZJVJNMJMMZUTNDDKNS/', 'type': 'local', 'verification_info': [], 'voice_enabled': True, 'voice_rate': '6.99788'}, {'active': False, 'added_on': '2020-04-15', 'alias': '', 'application': '/v1/Account/MAYJLIZGQ5MWVKZWM4NZ/Application/12696538592501452/', 'carrier': 'Plivo', 'city': 'Edcouch', 'compliance_application_id': None, 'compliance_status': 'pending', 'country': 'United States', 'mms_enabled': True, 'mms_rate': '0.00000', 'monthly_rental_rate': '0.00100', 'number': '19563069476', 'number_type': 'local', 'region': 'NR, UNITED STATES', 'resource_uri': '/v1/Account/MAYJLIZGQ5MWVKZWM4NZ/Number/19563069476/', 'sms_enabled': True, 'sms_rate': '0.00250', 'sub_account': '/v1/Account/SAZJVJNMJMMZUTNDDKNS/', 'type': 'local', 'verification_info': [], 'voice_enabled': True, 'voice_rate': '0.00338'}, {'active': True, 'added_on': '2022-04-08', 'alias': '', 'application': None, 'carrier': 'Plivo', 'city': 'New York', 'compliance_application_id': None, 'compliance_status': None, 'country': 'United States', 'mms_enabled': True, 'mms_rate': '0.00000', 'monthly_rental_rate': '0.00100', 'number': '12013000152', 'number_type': 'national', 'region': 'United States', 'resource_uri': '/v1/Account/MAYJLIZGQ5MWVKZWM4NZ/Number/12013000152/', 'sms_enabled': True, 'sms_rate': '0.00250', 'sub_account': None, 'type': 'national', 'verification_info': [], 'voice_enabled': True, 'voice_rate': '0.00338'}, {'active': True, 'added_on': '2022-04-08', 'alias': '', 'application': None, 'carrier': 'Plivo', 'city': 'New York', 'compliance_application_id': None, 'compliance_status': None, 'country': 'United States', 'mms_enabled': False, 'mms_rate': '0.00000', 'monthly_rental_rate': '0.00500', 'number': '12565346126', 'number_type': 'tollfree', 'region': 'United States', 'resource_uri': '/v1/Account/MAYJLIZGQ5MWVKZWM4NZ/Number/12565346126/', 'sms_enabled': True, 'sms_rate': '0.00500', 'sub_account': None, 'type': 'tollfree', 'verification_info': [], 'voice_enabled': True, 'voice_rate': '0.00000'}, {'active': True, 'added_on': '2022-04-08', 'alias': None, 'application': '/v1/Account/MAYJLIZGQ5MWVKZWM4NZ/Application/12696161482293516/', 'carrier': 'Plivo', 'city': 'New York', 'compliance_application_id': None, 'compliance_status': None, 'country': 'United States', 'mms_enabled': False, 'mms_rate': '0.00000', 'monthly_rental_rate': '0.00500', 'number': '17194095662', 'number_type': 'tollfree', 'region': 'United States', 'resource_uri': '/v1/Account/MAYJLIZGQ5MWVKZWM4NZ/Number/17194095662/', 'sms_enabled': True, 'sms_rate': '0.00500', 'sub_account': None, 'type': 'tollfree', 'verification_info': [], 'voice_enabled': True, 'voice_rate': '0.00000'}, {'active': True, 'added_on': '2022-04-19', 'alias': None, 'application': '/v1/Account/MAYJLIZGQ5MWVKZWM4NZ/Application/12696161482293516/', 'carrier': 'Plivo', 'city': 'Birmingham', 'compliance_application_id': None, 'compliance_status': None, 'country': 'United States', 'mms_enabled': False, 'mms_rate': '5.00000', 'monthly_rental_rate': '5.00000', 'number': '12142292535', 'number_type': 'local', 'region': 'Alabama, UNITED STATES', 'resource_uri': '/v1/Account/MAYJLIZGQ5MWVKZWM4NZ/Number/12142292535/', 'sms_enabled': True, 'sms_rate': '6.00000', 'sub_account': None, 'type': 'local', 'verification_info': [], 'voice_enabled': True, 'voice_rate': '0.99788'}, {'active': False, 'added_on': '2022-04-20', 'alias': None, 'application': '/v1/Account/MAYJLIZGQ5MWVKZWM4NZ/Application/12696161482293516/', 'carrier': 'Plivo', 'city': 'Birmingham', 'compliance_application_id': None, 'compliance_status': None, 'country': 'United States', 'mms_enabled': False, 'mms_rate': '5.00000', 'monthly_rental_rate': '5.00000', 'number': '12142292538', 'number_type': 'local', 'region': 'Alabama, UNITED STATES', 'resource_uri': '/v1/Account/MAYJLIZGQ5MWVKZWM4NZ/Number/12142292538/', 'sms_enabled': False, 'sms_rate': '6.00000', 'sub_account': None, 'type': 'local', 'verification_info': [], 'voice_enabled': True, 'voice_rate': '0.99788'}, {'active': True, 'added_on': '2022-04-21', 'alias': 'SharathPlivo_test1995', 'application': '/v1/Account/MAYJLIZGQ5MWVKZWM4NZ/Application/17749087845587911/', 'carrier': 'Plivo', 'city': 'Dummy Test', 'compliance_application_id': None, 'compliance_status': None, 'country': 'Canada', 'mms_enabled': True, 'mms_rate': '0.00000', 'monthly_rental_rate': '0.30300', 'number': '19059833937', 'number_type': 'local', 'region': 'Ontario, CANADA', 'resource_uri': '/v1/Account/MAYJLIZGQ5MWVKZWM4NZ/Number/19059833937/', 'sms_enabled': True, 'sms_rate': '0.30300', 'sub_account': '/v1/Account/SAMMVIM2VMM2UTNME3MI/', 'type': 'local', 'verification_info': [], 'voice_enabled': True, 'voice_rate': '0.30300'}, {'active': True, 'added_on': '2022-04-21', 'alias': None, 'application': '/v1/Account/MAYJLIZGQ5MWVKZWM4NZ/Application/12696161482293516/', 'carrier': 'Plivo', 'city': None, 'compliance_application_id': None, 'compliance_status': None, 'country': 'United States', 'mms_enabled': False, 'mms_rate': '5.00000', 'monthly_rental_rate': '5.00000', 'number': '12142292539', 'number_type': 'local', 'region': 'Alaska, UNITED STATES', 'resource_uri': '/v1/Account/MAYJLIZGQ5MWVKZWM4NZ/Number/12142292539/', 'sms_enabled': True, 'sms_rate': '6.00000', 'sub_account': None, 'type': 'local', 'verification_info': [], 'voice_enabled': True, 'voice_rate': '0.99788'}, {'active': True, 'added_on': '2022-04-21', 'alias': None, 'application': '/v1/Account/MAYJLIZGQ5MWVKZWM4NZ/Application/12696161482293516/', 'carrier': 'Plivo', 'city': 'Dummy Test', 'compliance_application_id': None, 'compliance_status': None, 'country': 'Canada', 'mms_enabled': True, 'mms_rate': '0.00000', 'monthly_rental_rate': '0.30300', 'number': '19059833932', 'number_type': 'local', 'region': 'Ontario, CANADA', 'resource_uri': '/v1/Account/MAYJLIZGQ5MWVKZWM4NZ/Number/19059833932/', 'sms_enabled': True, 'sms_rate': '0.30300', 'sub_account': None, 'type': 'local', 'verification_info': [], 'voice_enabled': True, 'voice_rate': '0.30300'}, {'active': True, 'added_on': '2022-04-21', 'alias': '', 'application': '/v1/Account/MAYJLIZGQ5MWVKZWM4NZ/Application/12696161482293516/', 'carrier': 'Plivo', 'city': None, 'compliance_application_id': None, 'compliance_status': None, 'country': 'Australia', 'mms_enabled': False, 'mms_rate': '0.00000', 'monthly_rental_rate': '0.00100', 'number': '61488838412', 'number_type': 'tollfree', 'region': 'AUSTRALIA, AUSTRALIA', 'resource_uri': '/v1/Account/MAYJLIZGQ5MWVKZWM4NZ/Number/61488838412/', 'sms_enabled': True, 'sms_rate': '0.00250', 'sub_account': '/v1/Account/SAZJVJNMJMMZUTNDDKNS/', 'type': 'tollfree', 'verification_info': [], 'voice_enabled': True, 'voice_rate': '0.00338'}, {'active': False, 'added_on': '2022-04-21', 'alias': None, 'application': '/v1/Account/MAYJLIZGQ5MWVKZWM4NZ/Application/12696161482293516/', 'carrier': 'Plivo', 'city': 'Birmingham', 'compliance_application_id': None, 'compliance_status': None, 'country': 'United States', 'mms_enabled': False, 'mms_rate': '5.00000', 'monthly_rental_rate': '5.00000', 'number': '12142292540', 'number_type': 'local', 'region': 'Alabama, UNITED STATES', 'resource_uri': '/v1/Account/MAYJLIZGQ5MWVKZWM4NZ/Number/12142292540/', 'sms_enabled': False, 'sms_rate': '6.00000', 'sub_account': None, 'type': 'local', 'verification_info': [], 'voice_enabled': True, 'voice_rate': '0.99788'}, {'active': False, 'added_on': '2022-04-22', 'alias': None, 'application': '/v1/Account/MAYJLIZGQ5MWVKZWM4NZ/Application/12696161482293516/', 'carrier': 'Plivo', 'city': 'Phoenix', 'compliance_application_id': None, 'compliance_status': None, 'country': 'United States', 'mms_enabled': False, 'mms_rate': '5.00000', 'monthly_rental_rate': '5.00000', 'number': '12142292541', 'number_type': 'local', 'region': 'Arizona, UNITED STATES', 'resource_uri': '/v1/Account/MAYJLIZGQ5MWVKZWM4NZ/Number/12142292541/', 'sms_enabled': False, 'sms_rate': '6.00000', 'sub_account': None, 'type': 'local', 'verification_info': [], 'voice_enabled': True, 'voice_rate': '0.99788'}, {'active': False, 'added_on': '2022-04-25', 'alias': None, 'application': '/v1/Account/MAYJLIZGQ5MWVKZWM4NZ/Application/12696161482293516/', 'carrier': 'Plivo', 'city': 'Birmingham', 'compliance_application_id': None, 'compliance_status': None, 'country': 'United States', 'mms_enabled': False, 'mms_rate': '5.00000', 'monthly_rental_rate': '5.00000', 'number': '12142292542', 'number_type': 'local', 'region': 'Alabama, UNITED STATES', 'resource_uri': '/v1/Account/MAYJLIZGQ5MWVKZWM4NZ/Number/12142292542/', 'sms_enabled': False, 'sms_rate': '6.00000', 'sub_account': None, 'type': 'local', 'verification_info': [], 'voice_enabled': True, 'voice_rate': '0.99788'}, {'active': True, 'added_on': '2022-04-26', 'alias': None, 'application': '/v1/Account/MAYJLIZGQ5MWVKZWM4NZ/Application/12696161482293516/', 'carrier': 'Plivo', 'city': None, 'compliance_application_id': None, 'compliance_status': None, 'country': 'Australia', 'mms_enabled': False, 'mms_rate': '0.00000', 'monthly_rental_rate': '0.00100', 'number': '61488838411', 'number_type': 'tollfree', 'region': 'AUSTRALIA, AUSTRALIA', 'resource_uri': '/v1/Account/MAYJLIZGQ5MWVKZWM4NZ/Number/61488838411/', 'sms_enabled': True, 'sms_rate': '0.00250', 'sub_account': None, 'type': 'tollfree', 'verification_info': [], 'voice_enabled': True, 'voice_rate': '0.00338'}, {'active': True, 'added_on': '2022-04-26', 'alias': None, 'application': '/v1/Account/MAYJLIZGQ5MWVKZWM4NZ/Application/12696161482293516/', 'carrier': 'Plivo', 'city': 'Dummy Test', 'compliance_application_id': None, 'compliance_status': None, 'country': 'Canada', 'mms_enabled': True, 'mms_rate': '0.00000', 'monthly_rental_rate': '0.30300', 'number': '19059833922', 'number_type': 'local', 'region': 'Ontario, CANADA', 'resource_uri': '/v1/Account/MAYJLIZGQ5MWVKZWM4NZ/Number/19059833922/', 'sms_enabled': True, 'sms_rate': '0.30300', 'sub_account': None, 'type': 'local', 'verification_info': [], 'voice_enabled': True, 'voice_rate': '0.30300'}, {'active': True, 'added_on': '2022-04-26', 'alias': None, 'application': '/v1/Account/MAYJLIZGQ5MWVKZWM4NZ/Application/12696161482293516/', 'carrier': 'Plivo', 'city': 'Birmingham', 'compliance_application_id': None, 'compliance_status': None, 'country': 'United States', 'mms_enabled': False, 'mms_rate': '5.00000', 'monthly_rental_rate': '5.00000', 'number': '12142292543', 'number_type': 'local', 'region': 'Alabama, UNITED STATES', 'resource_uri': '/v1/Account/MAYJLIZGQ5MWVKZWM4NZ/Number/12142292543/', 'sms_enabled': False, 'sms_rate': '6.00000', 'sub_account': None, 'type': 'local', 'verification_info': [], 'voice_enabled': True, 'voice_rate': '0.99788'}, {'active': False, 'added_on': '2022-04-27', 'alias': None, 'application': '/v1/Account/MAYJLIZGQ5MWVKZWM4NZ/Application/12696161482293516/', 'carrier': 'Plivo', 'city': None, 'compliance_application_id': None, 'compliance_status': None, 'country': 'United States', 'mms_enabled': False, 'mms_rate': '5.00000', 'monthly_rental_rate': '5.00000', 'number': '12142292545', 'number_type': 'local', 'region': 'Alaska, UNITED STATES', 'resource_uri': '/v1/Account/MAYJLIZGQ5MWVKZWM4NZ/Number/12142292545/', 'sms_enabled': False, 'sms_rate': '6.00000', 'sub_account': None, 'type': 'local', 'verification_info': [], 'voice_enabled': False, 'voice_rate': '0.99788'}]}</msg>
<status status="PASS" starttime="20220428 12:56:08.310" endtime="20220428 12:56:08.311"/>
</kw>
<kw name="Validate The Response With The Expected Status Code" library="customKeywords">
<arg>${status_code}</arg>
<status status="PASS" starttime="20220428 12:56:08.312" endtime="20220428 12:56:08.312"/>
</kw>
<kw name="Log the response of the GET api">
<arg>${response}</arg>
<kw name="Log To Console" library="BuiltIn">
<arg>${response.content}</arg>
<doc>Logs the given message to the console.</doc>
<status status="PASS" starttime="20220428 12:56:08.312" endtime="20220428 12:56:08.323"/>
</kw>
<status status="PASS" starttime="20220428 12:56:08.312" endtime="20220428 12:56:08.323"/>
</kw>
<status status="PASS" starttime="20220428 12:56:05.177" endtime="20220428 12:56:08.323"/>
</test>
<status status="PASS" starttime="20220428 12:56:05.142" endtime="20220428 12:56:08.324"/>
</suite>
<statistics>
<total>
<stat pass="1" fail="0" skip="0">All Tests</stat>
</total>
<tag>
</tag>
<suite>
<stat pass="1" fail="0" skip="0" id="s1" name="Custom Keyword">Custom Keyword</stat>
</suite>
</statistics>
<errors>
</errors>
</robot>
