<?xml version="1.0" encoding="UTF-8"?>
<robot generator="Robot 5.0 (Python 3.10.4 on darwin)" generated="20220502 13:14:14.144" rpa="false" schemaversion="3">
<suite id="s1" name="Custom Keyword" source="/Users/sharath.bc/PycharmProjects/PythonPractice1/RobotFramework/Requests-RFW/custom_keyword.robot">
<test id="s1-t1" name="Retrieving all the user rented numbers." line="15">
<kw name="Create Session With The Basic Authentication" library="customKeywords">
<var>${response}</var>
<arg>${base_url}</arg>
<arg>${username}</arg>
<arg>${password}</arg>
<msg timestamp="20220502 13:14:18.956" level="INFO">${response} = &lt;Response [401]&gt;</msg>
<status status="PASS" starttime="20220502 13:14:14.195" endtime="20220502 13:14:18.956"/>
</kw>
<kw name="Set Global Variable" library="BuiltIn">
<arg>${response}</arg>
<doc>Makes a variable available globally in all tests and suites.</doc>
<msg timestamp="20220502 13:14:18.957" level="INFO">${response} = &lt;Response [401]&gt;</msg>
<status status="PASS" starttime="20220502 13:14:18.957" endtime="20220502 13:14:18.957"/>
</kw>
<kw name="Log the status code of the GET api">
<arg>${response}</arg>
<kw name="Log To Console" library="BuiltIn">
<arg>${response.status_code}</arg>
<doc>Logs the given message to the console.</doc>
<status status="PASS" starttime="20220502 13:14:18.958" endtime="20220502 13:14:18.959"/>
</kw>
<status status="PASS" starttime="20220502 13:14:18.958" endtime="20220502 13:14:18.960"/>
</kw>
<kw name="Call The Get API To Fetch All The Rented Numbers" library="customKeywords">
<msg timestamp="20220502 13:14:18.961" level="FAIL">JSONDecodeError: [Errno Expecting value] Could not verify your access level for that URL.
You have to login with proper credentials: 0</msg>
<status status="FAIL" starttime="20220502 13:14:18.960" endtime="20220502 13:14:18.965"/>
</kw>
<kw name="Validate The Response With The Expected Status Code" library="customKeywords">
<arg>${status_code}</arg>
<status status="NOT RUN" starttime="20220502 13:14:18.965" endtime="20220502 13:14:18.965"/>
</kw>
<kw name="Log the response of the GET api">
<arg>${response}</arg>
<status status="NOT RUN" starttime="20220502 13:14:18.965" endtime="20220502 13:14:18.965"/>
</kw>
<status status="FAIL" starttime="20220502 13:14:14.194" endtime="20220502 13:14:18.966">JSONDecodeError: [Errno Expecting value] Could not verify your access level for that URL.
You have to login with proper credentials: 0</status>
</test>
<status status="FAIL" starttime="20220502 13:14:14.145" endtime="20220502 13:14:18.966"/>
</suite>
<statistics>
<total>
<stat pass="0" fail="1" skip="0">All Tests</stat>
</total>
<tag>
</tag>
<suite>
<stat pass="0" fail="1" skip="0" id="s1" name="Custom Keyword">Custom Keyword</stat>
</suite>
</statistics>
<errors>
</errors>
</robot>
